23:56:50 | Logado na conta com sucesso
00:02:07 | Logado na conta com sucesso
00:02:14 | Jessie -> Banco de dados carregado com sucesso
00:02:40 | Jessie -> Construindo Cropland para o level 5
00:02:49 | Jessie -> Construção na fila, tempo de espera: 0:27:31 minutos
00:02:54 | Buster -> Banco de dados carregado com sucesso
00:03:52 | Buster -> Construindo Rally Point para o level 8
00:04:01 | Buster -> Construção na fila, tempo de espera: 0:57:34 minutos
00:04:27 | Buster -> Treinando 20 unidades de Slave Militia
00:04:48 | Buster -> Treinando 20 unidades de Ash Warden
00:05:18 | Bullseye -> Banco de dados carregado com sucesso
00:05:32 | Bullseye -> Construção na fila, tempo de espera: 1:56:36 minutos
00:30:27 | Jessie -> Cropland já atingiu o nível solicitado!
00:30:44 | Jessie -> Construindo Cropland para o level 5
00:30:50 | Jessie -> Construção na fila, tempo de espera: 0:25:56 minutos
00:35:14 | Buster -> Treinando 20 unidades de Ash Warden
00:42:50 | Jessie -> Banco de dados carregado com sucesso
00:43:10 | Jessie -> Construção na fila, tempo de espera: 0:13:18 minutos
00:43:14 | Jessie -> Banco de dados carregado com sucesso
00:43:25 | Buster -> Banco de dados carregado com sucesso
00:43:50 | Buster -> Banco de dados carregado com sucesso
00:44:00 | Bullseye -> Banco de dados carregado com sucesso
00:45:57 | Bullseye -> Treinando 10 unidades de Sopdu Explorer
00:56:33 | Jessie -> Cropland já atingiu o nível solicitado!
00:56:47 | Jessie -> Construindo Cropland para o level 5
00:56:53 | Jessie -> Construção na fila, tempo de espera: 0:39:18 minutos
01:01:12 | Buster -> Banco de dados carregado com sucesso
01:01:54 | Buster -> Banco de dados carregado com sucesso
01:01:58 | Buster -> Construindo Rally Point para o level 9
01:02:05 | Buster -> Construção na fila, tempo de espera: 1:11:43 minutos
01:02:20 | Buster -> Treinando 20 unidades de Ash Warden
01:02:44 | Jessie -> Banco de dados carregado com sucesso
01:12:43 | Bullseye -> Treinando 10 unidades de Sopdu Explorer
01:36:16 | Jessie -> Cropland já atingiu o nível solicitado!
01:36:23 | Jessie -> Construção na fila, tempo de espera: 0:17:35 minutos
01:36:34 | Buster -> Treinando 20 unidades de Ash Warden
01:50:45 | Bullseye -> Treinando 10 unidades de Sopdu Explorer
01:54:16 | Jessie -> Construindo Cropland para o level 5
01:54:21 | Jessie -> Construção na fila, tempo de espera: 0:26:44 minutos
02:02:23 | Bullseye -> Construção na fila, tempo de espera: 0:38:08 minutos
02:02:24 | Buster -> Treinando 20 unidades de Ash Warden
02:14:11 | Buster -> Construindo Rally Point para o level 10
02:14:21 | Buster -> Construção na fila, tempo de espera: 1:20:01 minutos
02:21:10 | Jessie -> Cropland já atingiu o nível solicitado!
02:21:23 | Jessie -> Construindo Cropland para o level 5
02:21:31 | Jessie -> Construção na fila, tempo de espera: 0:26:07 minutos
02:25:45 | Buster -> Treinando 20 unidades de Ash Warden
02:29:16 | Bullseye -> Treinando 10 unidades de Sopdu Explorer
02:40:51 | Bullseye -> Sem recursos suficientes para construir, vamos aguardar 10 minutos
02:47:42 | Jessie -> Cropland já atingiu o nível solicitado!
02:48:00 | Jessie -> Construindo Cropland para o level 5
02:48:05 | Jessie -> Construção na fila, tempo de espera: 0:28:16 minutos
02:50:32 | Buster -> Treinando 20 unidades de Ash Warden
02:51:04 | Bullseye -> Sem recursos suficientes para construir, vamos aguardar 10 minutos
03:01:22 | Bullseye -> Sem recursos suficientes para construir, vamos aguardar 10 minutos
03:02:12 | Bullseye -> Treinando 10 unidades de Sopdu Explorer
03:11:35 | Bullseye -> Sem recursos suficientes para construir, vamos aguardar 10 minutos
03:16:25 | Jessie -> Cropland já atingiu o nível solicitado!
03:16:44 | Jessie -> Construindo Woodcutter para o level 6
03:16:49 | Jessie -> Construção na fila, tempo de espera: 0:48:40 minutos
03:21:49 | Bullseye -> Sem recursos suficientes para construir, vamos aguardar 10 minutos
03:26:05 | Buster -> Treinando 20 unidades de Ash Warden
03:30:40 | Bullseye -> Treinando 10 unidades de Sopdu Explorer
03:32:05 | Bullseye -> Sem recursos suficientes para construir, vamos aguardar 10 minutos
03:34:26 | Buster -> Rally Point já atingiu o nível solicitado!
03:34:42 | Buster -> Construindo Stone Wall para o level 5
03:34:50 | Buster -> Construção na fila, tempo de espera: 0:36:23 minutos
03:42:18 | Bullseye -> Sem recursos suficientes para construir, vamos aguardar 10 minutos
03:52:34 | Bullseye -> Sem recursos suficientes para construir, vamos aguardar 10 minutos
03:57:54 | Buster -> Treinando 20 unidades de Ash Warden
04:02:57 | Bullseye -> Sem recursos suficientes para construir, vamos aguardar 10 minutos
04:05:01 | Bullseye -> Treinando 10 unidades de Sopdu Explorer
04:05:33 | Jessie -> Woodcutter já atingiu o nível solicitado!
04:05:50 | Jessie -> Construindo Cropland para o level 6
04:06:03 | Jessie -> Construção na fila, tempo de espera: 0:39:17 minutos
04:11:30 | Buster -> Construindo Stone Wall para o level 6
04:11:35 | Buster -> Construção na fila, tempo de espera: 0:43:04 minutos
04:13:10 | Bullseye -> Sem recursos suficientes para construir, vamos aguardar 10 minutos
04:22:14 | Buster -> Treinando 20 unidades de Ash Warden
04:23:26 | Bullseye -> Sem recursos suficientes para construir, vamos aguardar 10 minutos
04:33:40 | Bullseye -> Sem recursos suficientes para construir, vamos aguardar 10 minutos
04:36:51 | Bullseye -> Treinando 10 unidades de Sopdu Explorer
04:43:31 | Buster -> Treinando 20 unidades de Ash Warden
04:43:52 | Bullseye -> Sem recursos suficientes para construir, vamos aguardar 10 minutos
04:45:24 | Jessie -> Cropland já atingiu o nível solicitado!
04:45:39 | Jessie -> Construindo Woodcutter para o level 6
04:45:45 | Jessie -> Construção na fila, tempo de espera: 0:51:25 minutos
04:54:08 | Bullseye -> Sem recursos suficientes para construir, vamos aguardar 10 minutos
04:55:03 | Buster -> Construindo Stone Wall para o level 7
04:55:10 | Buster -> Construção na fila, tempo de espera: 0:52:02 minutos
04:57:00 | Bullseye -> Treinando 10 unidades de Sopdu Explorer
05:04:23 | Bullseye -> Sem recursos suficientes para construir, vamos aguardar 10 minutos
05:12:28 | Buster -> Treinando 20 unidades de Ash Warden
05:14:38 | Bullseye -> Sem recursos suficientes para construir, vamos aguardar 10 minutos
05:24:51 | Bullseye -> Sem recursos suficientes para construir, vamos aguardar 10 minutos
05:35:04 | Bullseye -> Sem recursos suficientes para construir, vamos aguardar 10 minutos
05:36:55 | Bullseye -> Treinando 10 unidades de Sopdu Explorer
05:37:13 | Jessie -> Woodcutter já atingiu o nível solicitado!
05:37:26 | Jessie -> Construindo Iron Mine para o level 6
05:37:31 | Jessie -> Construção na fila, tempo de espera: 1:04:12 minutos
05:40:41 | Buster -> Treinando 20 unidades de Ash Warden
05:45:18 | Bullseye -> Sem recursos suficientes para construir, vamos aguardar 10 minutos
05:47:34 | Buster -> Sem recursos suficientes para construir, vamos aguardar 10 minutos
05:55:31 | Bullseye -> Sem recursos suficientes para construir, vamos aguardar 10 minutos
05:57:47 | Buster -> Construindo Stone Wall para o level 8
05:57:52 | Buster -> Construção na fila, tempo de espera: 1:02:02 minutos
06:05:49 | Bullseye -> Sem recursos suficientes para construir, vamos aguardar 10 minutos
06:11:02 | Buster -> Treinando 20 unidades de Ash Warden
06:16:04 | Bullseye -> Sem recursos suficientes para construir, vamos aguardar 10 minutos
06:16:51 | Bullseye -> Treinando 10 unidades de Sopdu Explorer
06:26:18 | Bullseye -> Sem recursos suficientes para construir, vamos aguardar 10 minutos
06:36:33 | Bullseye -> Sem recursos suficientes para construir, vamos aguardar 10 minutos
06:37:07 | Buster -> Treinando 20 unidades de Ash Warden
06:41:48 | Jessie -> Iron Mine já atingiu o nível solicitado!
06:42:04 | Jessie -> Construindo Clay Pit para o level 6
06:42:15 | Jessie -> Construção na fila, tempo de espera: 0:48:18 minutos
06:46:47 | Bullseye -> Sem recursos suficientes para construir, vamos aguardar 10 minutos
06:53:17 | Bullseye -> Treinando 10 unidades de Sopdu Explorer
06:57:06 | Bullseye -> Sem recursos suficientes para construir, vamos aguardar 10 minutos
06:58:16 | Buster -> Treinando 20 unidades de Ash Warden
07:00:13 | Buster -> Sem recursos suficientes para construir, vamos aguardar 10 minutos
07:07:20 | Bullseye -> Sem recursos suficientes para construir, vamos aguardar 10 minutos
07:10:25 | Buster -> Sem recursos suficientes para construir, vamos aguardar 10 minutos
07:17:33 | Bullseye -> Sem recursos suficientes para construir, vamos aguardar 10 minutos
07:19:50 | Buster -> Treinando 20 unidades de Ash Warden
07:20:40 | Buster -> Sem recursos suficientes para construir, vamos aguardar 10 minutos
07:27:47 | Bullseye -> Sem recursos suficientes para construir, vamos aguardar 10 minutos
07:30:38 | Jessie -> Clay Pit já atingiu o nível solicitado!
07:30:49 | Bullseye -> Treinando 10 unidades de Sopdu Explorer
07:31:10 | Buster -> Sem recursos suficientes para construir, vamos aguardar 10 minutos
07:31:10 | Jessie -> Construindo Clay Pit para o level 6
07:31:16 | Jessie -> Construção na fila, tempo de espera: 0:48:02 minutos
07:38:02 | Bullseye -> Sem recursos suficientes para construir, vamos aguardar 10 minutos
07:41:24 | Buster -> Construindo Stone Wall para o level 9
07:41:29 | Buster -> Construção na fila, tempo de espera: 1:10:39 minutos
07:46:57 | Buster -> Treinando 20 unidades de Ash Warden
07:48:15 | Bullseye -> Sem recursos suficientes para construir, vamos aguardar 10 minutos
07:55:18 | Bullseye -> Treinando 10 unidades de Sopdu Explorer
07:58:28 | Bullseye -> Sem recursos suficientes para construir, vamos aguardar 10 minutos
08:08:42 | Bullseye -> Sem recursos suficientes para construir, vamos aguardar 10 minutos
08:18:56 | Bullseye -> Sem recursos suficientes para construir, vamos aguardar 10 minutos
08:19:22 | Jessie -> Clay Pit já atingiu o nível solicitado!
08:19:35 | Jessie -> Construindo Iron Mine para o level 6
08:19:37 | Bullseye -> Treinando 10 unidades de Sopdu Explorer
08:19:41 | Jessie -> Construção na fila, tempo de espera: 1:04:33 minutos
08:20:45 | Buster -> Treinando 20 unidades de Ash Warden
08:29:09 | Bullseye -> Sem recursos suficientes para construir, vamos aguardar 10 minutos
08:39:22 | Bullseye -> Sem recursos suficientes para construir, vamos aguardar 10 minutos
08:39:36 | Bullseye -> Banco de dados carregado com sucesso
08:44:58 | Buster -> Treinando 20 unidades de Ash Warden
08:47:42 | Bullseye -> Treinando 10 unidades de Sopdu Explorer
08:49:29 | Bullseye -> Construção na fila, tempo de espera: 1:36:22 minutos
08:52:16 | Buster -> Construção na fila, tempo de espera: 0:14:39 minutos
08:58:39 | Bullseye -> Banco de dados carregado com sucesso
09:07:12 | Buster -> Construindo Stone Wall para o level 10
09:07:18 | Buster -> Construção na fila, tempo de espera: 1:21:55 minutos
09:10:48 | Buster -> Treinando 20 unidades de Ash Warden
09:24:18 | Jessie -> Iron Mine já atingiu o nível solicitado!
09:24:24 | Jessie -> Construção na fila, tempo de espera: 0:55:44 minutos
09:41:13 | Buster -> Treinando 20 unidades de Ash Warden
10:15:54 | Buster -> Treinando 20 unidades de Ash Warden
10:20:28 | Jessie -> Construindo Cropland para o level 6
10:20:33 | Jessie -> Construção na fila, tempo de espera: 0:41:56 minutos
10:25:55 | Bullseye -> Iron Mine já atingiu o nível solicitado!
10:26:11 | Bullseye -> Sem recursos suficientes para construir, vamos aguardar 10 minutos
10:29:23 | Buster -> Stone Wall já atingiu o nível solicitado!
10:29:30 | Buster -> Construção na fila, tempo de espera: 0:35:09 minutos
10:36:26 | Bullseye -> Sem recursos suficientes para construir, vamos aguardar 10 minutos
10:46:44 | Bullseye -> Sem recursos suficientes para construir, vamos aguardar 10 minutos
10:48:26 | Buster -> Treinando 20 unidades de Ash Warden
10:57:06 | Bullseye -> Construindo Clay Pit para o level 8
10:57:15 | Bullseye -> Construção na fila, tempo de espera: 1:14:10 minutos
11:02:33 | Jessie -> Cropland já atingiu o nível solicitado!
11:02:46 | Jessie -> Construindo Cropland para o level 5
11:02:51 | Jessie -> Construção na fila, tempo de espera: 1:05:27 minutos
11:05:06 | Buster -> Sem recursos suficientes para construir, vamos aguardar 10 minutos
11:15:18 | Buster -> Sem recursos suficientes para construir, vamos aguardar 10 minutos
11:25:07 | Buster -> Treinando 20 unidades de Ash Warden
11:25:30 | Buster -> Sem recursos suficientes para construir, vamos aguardar 10 minutos
11:35:44 | Buster -> Sem recursos suficientes para construir, vamos aguardar 10 minutos
11:46:08 | Buster -> Sem recursos suficientes para construir, vamos aguardar 10 minutos
11:50:57 | Jessie -> Aldeia não encontrada no banco de dados
11:50:57 | Jessie -> Atualizando dados, isso pode levar vários minutos ...
11:55:40 | Buster -> Treinando 20 unidades de Ash Warden
11:56:26 | Buster -> Sem recursos suficientes para construir, vamos aguardar 10 minutos
12:06:41 | Buster -> Sem recursos suficientes para construir, vamos aguardar 10 minutos
12:08:23 | Jessie -> Cropland já atingiu o nível solicitado!
12:08:42 | Jessie -> Construindo Iron Mine para o level 6
12:08:54 | Jessie -> Construção na fila, tempo de espera: 1:03:42 minutos
12:11:31 | Bullseye -> Clay Pit já atingiu o nível solicitado!
12:11:50 | Bullseye -> Construindo Woodcutter para o level 8
12:11:58 | Bullseye -> Construção na fila, tempo de espera: 1:18:22 minutos
12:17:01 | Buster -> Sem recursos suficientes para construir, vamos aguardar 10 minutos
